<?xml version="1.0" encoding="UTF-8"?>
<testng-results skipped="0" failed="0" ignored="0" total="1" passed="1">
  <reporter-output>
  </reporter-output>
  <suite name="Default suite" duration-ms="14017" started-at="2023-03-04T12:57:22 IST" finished-at="2023-03-04T12:57:36 IST">
    <groups>
    </groups>
    <test name="Default test" duration-ms="14017" started-at="2023-03-04T12:57:22 IST" finished-at="2023-03-04T12:57:36 IST">
      <class name="testscriptss.SampleTwoTest">
        <test-method status="PASS" signature="CypressSearchTest()[pri:0, instance:testscriptss.SampleTwoTest@3ecd23d9]" name="CypressSearchTest" duration-ms="13986" started-at="2023-03-04T12:57:22 IST" finished-at="2023-03-04T12:57:36 IST">
          <reporter-output>
          </reporter-output>
        </test-method> <!-- CypressSearchTest -->
      </class> <!-- testscriptss.SampleTwoTest -->
    </test> <!-- Default test -->
  </suite> <!-- Default suite -->
</testng-results>
